<?xml version="1.0" encoding="UTF-8"?>
<!-- Generated by org.testng.reporters.JUnitReportReporter -->
<testsuite hostname="DESKTOP-LH46NDJ" failures="0" tests="3" name="com.actiTime.testScript.CustomerModule" time="61.533" errors="0" timestamp="2023-03-31T20:42:28 IST" skipped="0">
  <testcase classname="com.actiTime.testScript.CustomerModule" name="creatCustomer" time="18.571"/>
  <system-out>
    <![CDATA[creatCustomer]]>
  </system-out>
  <testcase classname="com.actiTime.testScript.CustomerModule" name="createNewProject" time="24.205"/>
  <system-out/>
  <testcase classname="com.actiTime.testScript.CustomerModule" name="CreateNewTask" time="18.757"/>
  <system-out/>
</testsuite> <!-- com.actiTime.testScript.CustomerModule -->
